27-06-2021 01:02:11 INFO  ReadWrite: 72 :- ---------------------Start reading excel
27-06-2021 01:02:11 INFO  ReadWrite: 73 :- Workbook location is :- null
27-06-2021 01:02:11 INFO  ReadWrite: 74 :- Worksheet name is :- Balance
27-06-2021 01:02:11 INFO  ReadWrite: 75 :- Cell name is :- Value1
27-06-2021 01:02:11 INFO  ReadWrite: 76 :- Calling first method is : -  sumOfValues
27-06-2021 01:02:11 INFO  ReadWrite: 77 :- Calling first method line is : -  70
27-06-2021 01:02:11 INFO  ReadWrite: 78 :- Calling second method is : -  validateTheTotalBalanceValue
27-06-2021 01:02:11 INFO  ReadWrite: 79 :- Calling second method line 27-06-2021 027-06-2021 01:02:13 INFO  ReadWrite: 85 :- Count of Rows: 1
27-06-2021 01:02:13 INFO  ReadWrite: 86 :- Count of Columns: 6
27-06-2021 01:02:13 INFO  ReadWrite: 92 :- Value1
27-06-2021 01:02:13 INFO  ReadWrite: 96 :- Value present at column number - 0
27-06-2021 01:02:13 INFO  ReadWrite: 100 :- true
27-06-2021 01:02:13 INFO  ReadWrite: 107 :- STRING
27-06-2021 01:02:13 INFO  ReadWrite: 121 :- Value found at 1 ,0 is : $122365.24
27-06-2021 01:02:13 INFO  ReadWrite: 129 :- Implementing TRIM function to remove Leading and Trailing spaces
27-06-2021 01:02:13 INFO  ReadWrite: 132 :- ___________________End reading excel
27-06-2021 01:02:13 INFO  ReadWrite: 72 :- ---------------------Start reading excel
27-06-2021 01:02:13 INFO  ReadWrite: 73 :- Workbook location is :- null
27-06-2021 01:02:13 INFO  ReadWrite: 74 :- Worksheet name is :- Balance
27-06-2021 01:02:13 INFO  ReadWrite: 75 :- Cell name is :- Value2
27-06-2021 01:02:13 INFO  ReadWrite: 76 :- Calling first method is : -  sumOfValues
27-06-2021 01:02:13 INFO  ReadWrite: 77 :- Calling first method line is : -  72
27-06-2021 01:02:13 INFO  ReadWrite: 78 :- Calling second method is : -  validateTheTotalBalanceValue
27-06-2021 01:02:13 INFO  ReadWrite: 79 :- Calling second method line is : -  74
27-06-2021 01:02:13 INFO  ReadWrite: 85 :- Count of Rows: 1
27-06-2021 01:02:13 INFO  ReadWrite: 86 :- Count of Columns: 6
27-06-2021 01:02:13 INFO  ReadWrite: 92 :- Value1
27-06-2021 01:02:13 INFO  ReadWrite: 92 :- Value2
27-06-2021 01:02:13 INFO  ReadWrite: 96 :- Value present at column number - 1
27-06-2021 01:02:13 INFO  ReadWrite: 100 :- true
27-06-2021 01:02:13 INFO  ReadWrite: 107 :- STRING
27-06-2021 01:02:13 INFO  ReadWrite: 121 :- Value found at 1 ,1 is : $599
27-06-2021 01:02:13 INFO  ReadWrite: 129 :- Implementing TRIM function to remove Leading and Trailing spaces
27-06-2021 01:02:13 INFO  ReadWrite: 132 :- ___________________End reading excel
27-06-2021 01:02:13 INFO  ReadWrite: 72 :- ---------------------Start reading excel
27-06-2021 01:02:13 INFO  ReadWrite: 73 :- Workbook location is :- null
27-06-2021 01:02:13 INFO  ReadWrite: 74 :- Worksheet name is :- Balance
27-06-2021 01:02:13 INFO  ReadWrite: 75 :- Cell name is :- Value3
27-06-2021 01:02:13 INFO  ReadWrite: 76 :- Calling first method is : -  sumOfValues
27-06-2021 01:02:13 INFO  ReadWrite: 77 :- Calling first method line is : -  74
27-06-2021 01:02:13 INFO  ReadWrite: 78 :- Calling second method is : -  validateTheTotalBalanceValue
27-06-2021 01:02:13 INFO  ReadWrite: 79 :- Calling second method line is : -  74
27-06-2021 01:02:13 INFO  ReadWrite: 85 :- Count of Rows: 1
27-06-2021 01:02:13 INFO  ReadWrite: 86 :- Count of Columns: 6
27-06-2021 01:02:13 INFO  ReadWrite: 92 :- Value1
27-06-2021 01:02:13 INFO  ReadWrite: 92 :- Value2
27-06-2021 01:02:13 INFO  ReadWrite: 92 :- Value3
27-06-2021 01:02:13 INFO  ReadWrite: 96 :- Value present at column number - 2
27-06-2021 01:02:13 INFO  ReadWrite: 100 :- true
27-06-2021 01:02:13 INFO  ReadWrite: 107 :- STRING
27-06-2021 01:02:13 INFO  ReadWrite: 121 :- Value found at 1 ,2 is : $850139.99
27-06-2021 01:02:13 INFO  ReadWrite: 129 :- Implementing TRIM function to remove Leading and Trailing spaces
27-06-2021 01:02:13 INFO  ReadWrite: 132 :- ___________________End reading excel
27-06-2021 01:02:13 INFO  ReadWrite: 72 :- ---------------------Start reading excel
27-06-2021 01:02:13 INFO  ReadWrite: 73 :- Workbook location is :- null
27-06-2021 01:02:13 INFO  ReadWrite: 74 :- Worksheet name is :- Balance
27-06-2021 01:02:13 INFO  ReadWrite: 75 :- Cell name is :- Value4
27-06-2021 01:02:13 INFO  ReadWrite: 76 :- Calling first method is : -  sumOfValues
27-06-2021 01:02:13 INFO  ReadWrite: 77 :- Calling first method line is : -  76
27-06-2021 01:02:13 INFO  ReadWrite: 78 :- Calling second method is : -  validateTheTotalBalanceValue
27-06-2021 01:02:13 INFO  ReadWrite: 79 :- Calling second method line is : -  74
27-06-2021 01:02:13 INFO  ReadWrite: 85 :- Count of Rows: 1
27-06-2021 01:02:13 INFO  ReadWrite: 86 :- Count of Columns: 6
27-06-2021 01:02:13 INFO  ReadWrite: 92 :- Value1
27-06-2021 01:02:13 INFO  ReadWrite: 92 :- Value2
27-06-2021 01:02:13 INFO  ReadWrite: 92 :- Value3
27-06-2021 01:02:13 INFO  ReadWrite: 92 :- Value4
27-06-2021 01:02:13 INFO  ReadWrite: 96 :- Value present at column number - 3
27-06-2021 01:02:13 INFO  ReadWrite: 100 :- true
27-06-2021 01:02:13 INFO  ReadWrite: 107 :- STRING
27-06-2021 01:02:13 INFO  ReadWrite: 121 :- Value found at 1 ,3 is : $23329.5
27-06-2021 01:02:13 INFO  ReadWrite: 129 :- Implementing TRIM function to remove Leading and Trailing spaces
27-06-2021 01:02:13 INFO  ReadWrite: 132 :- ___________________End reading excel
27-06-2021 01:02:13 INFO  ReadWrite: 72 :- ---------------------Start reading excel
27-06-2021 01:02:13 INFO  ReadWrite: 73 :- Workbook location is :- null
27-06-2021 01:02:13 INFO  ReadWrite: 74 :- Worksheet name is :- Balance
27-06-2021 01:02:13 INFO  ReadWrite: 75 :- Cell name is :- Value5
27-06-2021 01:02:13 INFO  ReadWrite: 76 :- Calling first method is : -  sumOfValues
27-06-2021 01:02:13 INFO  ReadWrite: 77 :- Calling first method line is : -  78
27-06-2021 01:02:13 INFO  ReadWrite: 78 :- Calling second method is : -  validateTheTotalBalanceValue
27-06-2021 01:02:13 INFO  ReadWrite: 79 :- Calling second method line is : -  74
27-06-2021 01:02:14 INFO  ReadWrite: 85 :- Count of Rows: 1
27-06-2021 01:02:14 INFO  ReadWrite: 86 :- Count of Columns: 6
27-06-2021 01:02:14 INFO  ReadWrite: 92 :- Value1
27-06-2021 01:02:14 INFO  ReadWrite: 92 :- Value2
27-06-2021 01:02:14 INFO  ReadWrite: 92 :- Value3
27-06-2021 01:02:14 INFO  ReadWrite: 92 :- Value4
27-06-2021 01:02:14 INFO  ReadWrite: 92 :- Value5
27-06-2021 01:02:14 INFO  ReadWrite: 96 :- Value present at column number - 4
27-06-2021 01:02:14 INFO  ReadWrite: 100 :- true
27-06-2021 01:02:14 INFO  ReadWrite: 107 :- STRING
27-06-2021 01:02:14 INFO  ReadWrite: 121 :- Value found at 1 ,4 is : $566.27
27-06-2021 01:02:14 INFO  ReadWrite: 129 :- Implementing TRIM function to remove Leading and Trailing spaces
27-06-2021 01:02:14 INFO  ReadWrite: 132 :- ___________________End reading excel
27-06-2021 01:02:14 INFO  ReadWrite: 72 :- ---------------------Start reading excel
27-06-2021 01:02:14 INFO  ReadWrite: 73 :- Workbook location is :- null
27-06-2021 01:02:14 INFO  ReadWrite: 74 :- Worksheet name is :- Balance
27-06-2021 01:02:14 INFO  ReadWrite: 75 :- Cell name is :- TotalBalance
27-06-2021 01:02:14 INFO  ReadWrite: 76 :- Calling first method is : -  totalBalance
27-06-2021 01:02:14 INFO  ReadWrite: 77 :- Calling first method line is : -  111
27-06-2021 01:02:14 INFO  ReadWrite: 78 :- Calling second method is : -  validateTheTotalBalanceValue
27-06-2021 01:02:14 INFO  ReadWrite: 79 :- Calling second method line is : -  75
27-06-2021 01:02:14 INFO  ReadWrite: 85 :- Count of Rows: 1
27-06-2021 01:02:14 INFO  ReadWrite: 86 :- Count of Columns: 6
27-06-2021 01:02:14 INFO  ReadWrite: 92 :- Value1
27-06-2021 01:02:14 INFO  ReadWrite: 92 :- Value2
27-06-2021 01:02:14 INFO  ReadWrite: 92 :- Value3
27-06-2021 01:02:14 INFO  ReadWrite: 92 :- Value4
27-06-2021 01:02:14 INFO  ReadWrite: 92 :- Value5
27-06-2021 01:02:14 INFO  ReadWrite: 92 :- TotalBalance
27-06-2021 01:02:14 INFO  ReadWrite: 96 :- Value present at column number - 5
27-06-2021 01:02:14 INFO  ReadWrite: 100 :- true
27-06-2021 01:02:14 INFO  ReadWrite: 107 :- STRING
27-06-2021 01:02:14 INFO  ReadWrite: 121 :- Value found at 1 ,5 is : $1000000
27-06-2021 01:02:14 INFO  ReadWrite: 129 :- Implementing TRIM function to remove Leading and Trailing spaces
27-06-2021 01:02:14 INFO  ReadWrite: 132 :- ___________________End reading excel
27-06-2021 01:02:14 INFO  Balance: 85 :- The total balances doesnt matches sum of the values
FO  ReadWrite: 77 :- Calling first method line is : -  51
27-06-2021 01:02:12 INFO  ReadWrite: 78 :- Calling second method is : -  validateTheCountValue
27-06-2021 01:02:12 INFO  ReadWrite: 79 :- Calling second method line is : -  41
27-06-2021 01:02:12 INFO  ReadWrite: 85 :- Count of Rows: 1
27-06-2021 01:02:12 INFO  ReadWrite: 86 :- Count of Columns: 6
27-06-2021 01:02:12 INFO  ReadWrite: 92 :- Value1
27-06-2021 01:02:12 INFO  ReadWrite: 92 :- Value2
27-06-2021 01:02:12 INFO  ReadWrite: 96 :- Value present at column number - 1
27-06-2021 01:02:12 INFO  ReadWrite: 100 :- true
27-06-2021 01:02:12 INFO  ReadWrite: 107 :- STRING
27-06-2021 01:02:12 INFO  ReadWrite: 121 :- Value found at 1 ,1 is : $599
27-06-2021 01:02:12 INFO  ReadWrite: 129 :- Implementing TRIM function to remove Leading and Trailing spaces
27-06-2021 01:02:12 INFO  ReadWrite: 132 :- ___________________End reading excel
27-06-2021 01:02:12 INFO  ReadWrite: 72 :- ---------------------Start reading excel
27-06-2021 01:02:12 INFO  ReadWrite: 73 :- Workbook location is :- null
27-06-2021 01:02:12 INFO  ReadWrite: 74 :- Worksheet name is :- Balance
27-06-2021 01:02:12 INFO  ReadWrite: 75 :- Cell name is :- Value3
27-06-2021 01:02:12 INFO  ReadWrite: 76 :- Calling first method is : -  validateTheFormatValue
27-06-2021 01:02:12 INFO  ReadWrite: 77 :- Calling first method line is : -  52
27-06-2021 01:02:12 INFO  ReadWrite: 78 :- Calling second method is : -  validateTheCountValue
27-06-2021 01:02:12 INFO  ReadWrite: 79 :- Calling second method line is : -  41
27-06-2021 01:02:12 INFO  ReadWrite: 85 :- Count of Rows: 1
27-06-2021 01:02:12 INFO  ReadWrite: 86 :- Count of Columns: 6
27-06-2021 01:02:12 INFO  ReadWrite: 92 :- Value1
27-06-2021 01:02:12 INFO  ReadWrite: 92 :- Value2
27-06-2021 01:02:12 INFO  ReadWrite: 92 :- Value3
27-06-2021 01:02:12 INFO  ReadWrite: 96 :- Value present at column number - 2
27-06-2021 01:02:12 INFO  ReadWrite: 100 :- true
27-06-2021 01:02:12 INFO  ReadWrite: 107 :- STRING
27-06-2021 01:02:12 INFO  ReadWrite: 121 :- Value found at 1 ,2 is : $850139.99
27-06-2021 01:02:12 INFO  ReadWrite: 129 :- Implementing TRIM function to remove Leading and Trailing spaces
27-06-2021 01:02:12 INFO  ReadWrite: 132 :- ___________________End reading excel
27-06-2021 01:02:12 INFO  ReadWrite: 72 :- ---------------------Start reading excel
27-06-2021 01:02:12 INFO  ReadWrite: 73 :- Workbook location is :- null
27-06-2021 01:02:12 INFO  ReadWrite: 74 :- Worksheet name is :- Balance
27-06-2021 01:02:12 INFO  ReadWrite: 75 :- Cell name is :- Value4
27-06-2021 01:02:12 INFO  ReadWrite: 76 :- Calling first method is : -  validateTheFormatValue
27-06-2021 01:02:12 INFO  ReadWrite: 77 :- Calling first method line is : -  53
27-06-2021 01:02:12 INFO  ReadWrite: 78 :- Calling second method is : -  validateTheCountValue
27-06-2021 01:02:12 INFO  ReadWrite: 79 :- Calling second method line is : -  41
27-06-2021 01:02:12 INFO  ReadWrite: 85 :- Count of Rows: 1
27-06-2021 01:02:12 INFO  ReadWrite: 86 :- Count of Columns: 6
27-06-2021 01:02:12 INFO  ReadWrite: 92 :- Value1
27-06-2021 01:02:12 INFO  ReadWrite: 92 :- Value2
27-06-2021 01:02:12 INFO  ReadWrite: 92 :- Value3
27-06-2021 01:02:12 INFO  ReadWrite: 92 :- Value4
27-06-2021 01:02:12 INFO  ReadWrite: 96 :- Value present at column number - 3
27-06-2021 01:02:12 INFO  ReadWrite: 100 :- true
27-06-2021 01:02:12 INFO  ReadWrite: 107 :- STRING
27-06-2021 01:02:12 INFO  ReadWrite: 121 :- Value found at 1 ,3 is : $23329.5
27-06-2021 01:02:12 INFO  ReadWrite: 129 :- Implementing TRIM function to remove Leading and Trailing spaces
27-06-2021 01:02:12 INFO  ReadWrite: 132 :- ___________________End reading excel
27-06-2021 01:02:12 INFO  ReadWrite: 72 :- ---------------------Start reading excel
27-06-2021 01:02:12 INFO  ReadWrite: 73 :- Workbook location is :- null
27-06-2021 01:02:12 INFO  ReadWrite: 74 :- Worksheet name is :- Balance
27-06-2021 01:02:12 INFO  ReadWrite: 75 :- Cell name is :- Value5
27-06-2021 01:02:12 INFO  ReadWrite: 76 :- Calling first method is : -  validateTheFormatValue
27-06-2021 01:02:12 INFO  ReadWrite: 77 :- Calling first method line is : -  54
27-06-2021 01:02:12 INFO  ReadWrite: 78 :- Calling second method is : -  validateTheCountValue
27-06-2021 01:02:12 INFO  ReadWrite: 79 :- Calling second method line is : -  41
27-06-2021 01:02:12 INFO  ReadWrite: 85 :- Count of Rows: 1
27-06-2021 01:02:12 INFO  ReadWrite: 86 :- Count of Columns: 6
27-06-2021 01:02:12 INFO  ReadWrite: 92 :- Value1
27-06-2021 01:02:12 INFO  ReadWrite: 92 :- Value2
27-06-2021 01:02:12 INFO  ReadWrite: 92 :- Value3
27-06-2021 01:02:12 INFO  ReadWrite: 92 :- Value4
27-06-2021 01:02:12 INFO  ReadWrite: 92 :- Value5
27-06-2021 01:02:12 INFO  ReadWrite: 96 :- Value present at column number - 4
27-06-2021 01:02:12 INFO  ReadWrite: 100 :- true
27-06-2021 01:02:12 INFO  ReadWrite: 107 :- STRING
27-06-2021 01:02:12 INFO  ReadWrite: 121 :- Value found at 1 ,4 is : $566.27
27-06-2021 01:02:12 INFO  ReadWrite: 129 :- Implementing TRIM function to remove Leading and Trailing spaces
27-06-2021 01:02:12 INFO  ReadWrite: 132 :- ___________________End reading excel
27-06-2021 01:02:12 INFO  ReadWrite: 72 :- ---------------------Start reading excel
27-06-2021 01:02:12 INFO  ReadWrite: 73 :- Workbook location is :- null
27-06-2021 01:02:12 INFO  ReadWrite: 74 :- Worksheet name is :- Balance
27-06-2021 01:02:12 INFO  ReadWrite: 75 :- Cell name is :- TotalBalance
27-06-2021 01:02:12 INFO  ReadWrite: 76 :- Calling first method is : -  validateTheFormatValue
27-06-2021 01:02:12 INFO  ReadWrite: 77 :- Calling first method line is : -  55
27-06-2021 01:02:12 INFO  ReadWrite: 78 :- Calling second method is : -  validateTheCountValue
27-06-2021 01:02:12 INFO  ReadWrite: 79 :- Calling second method line is : -  41
27-06-2021 01:02:12 INFO  ReadWrite: 85 :- Count of Rows: 1
27-06-2021 01:02:12 INFO  ReadWrite: 86 :- Count of Columns: 6
27-06-2021 01:02:12 INFO  ReadWrite: 92 :- Value1
27-06-2021 01:02:12 INFO  ReadWrite: 92 :- Value2
27-06-2021 01:02:12 INFO  ReadWrite: 92 :- Value3
27-06-2021 01:02:12 INFO  ReadWrite: 92 :- Value4
27-06-2021 01:02:12 INFO  ReadWrite: 92 :- Value5
27-06-2021 01:02:12 INFO  ReadWrite: 92 :- TotalBalance
27-06-2021 01:02:12 INFO  ReadWrite: 96 :- Value present at column number - 5
27-06-2021 01:02:12 INFO  ReadWrite: 100 :- true
27-06-2021 01:02:12 INFO  ReadWrite: 107 :- STRING
27-06-2021 01:02:12 INFO  ReadWrite: 121 :- Value found at 1 ,5 is : $1000000
27-06-2021 01:02:12 INFO  ReadWrite: 129 :- Implementing TRIM function to remove Leading and Trailing spaces
27-06-2021 01:02:12 INFO  ReadWrite: 132 :- ___________________End reading excel
27-06-2021 01:02:12 INFO  Balance: 45 :- The count of screen values are  greater than 0
27-06-2021 01:02:12 INFO  Balance: 46 :- The values are formmatted as currencies
